<?xml version="1.0" encoding="UTF-8"?>
<!-- Generated by org.testng.reporters.JUnitReportReporter -->
<testsuite hostname="DESKTOP-MOITEO3" failures="0" tests="1" name="TestNG_Parallel.Amazon" time="10.786" errors="0" timestamp="2023-09-22T08:21:02 IST" skipped="0">
  <testcase classname="TestNG_Parallel.Amazon" name="ama" time="10.786"/>
  <system-out/>
</testsuite> <!-- TestNG_Parallel.Amazon -->
