<?xml version="1.0" encoding="UTF-8"?>
<!-- Generated by org.testng.reporters.JUnitReportReporter -->
<testsuite hostname="DESKTOP-MOITEO3" failures="0" tests="5" name="DataProviders.ActiTimeDataProvider" time="22.317" errors="0" timestamp="2023-09-24T22:00:00 IST" skipped="0">
  <testcase classname="DataProviders.ActiTimeDataProvider" name="invalidLoginMethod" time="5.680"/>
  <system-out/>
  <testcase classname="DataProviders.ActiTimeDataProvider" name="invalidLoginMethod" time="5.489"/>
  <system-out/>
  <testcase classname="DataProviders.ActiTimeDataProvider" name="invalidLoginMethod" time="3.232"/>
  <system-out/>
  <testcase classname="DataProviders.ActiTimeDataProvider" name="invalidLoginMethod" time="3.911"/>
  <system-out/>
  <testcase classname="DataProviders.ActiTimeDataProvider" name="invalidLoginMethod" time="4.005"/>
  <system-out/>
</testsuite> <!-- DataProviders.ActiTimeDataProvider -->
