<?xml version="1.0" encoding="UTF-8"?>
<!-- Generated by org.testng.reporters.JUnitReportReporter -->
<testsuite hostname="DESKTOP-MOITEO3" failures="0" tests="2" name="CrossBrowser.CrossBrowser" time="113.954" errors="0" timestamp="2023-09-22T10:08:01 IST" skipped="0">
  <testcase classname="CrossBrowser.CrossBrowser" name="fb" time="15.386"/>
  <system-out/>
  <testcase classname="CrossBrowser.CrossBrowser" name="fb" time="98.568"/>
  <system-out/>
</testsuite> <!-- CrossBrowser.CrossBrowser -->
