<?xml version="1.0" encoding="UTF-8"?>
<!-- Generated by org.testng.reporters.JUnitReportReporter -->
<testsuite hostname="DESKTOP-MOITEO3" failures="0" tests="1" name="TestNG_Sequential.Snapchat_Practise" time="9.687" errors="0" timestamp="2023-09-21T09:57:57 IST" skipped="0">
  <testcase classname="TestNG_Sequential.Snapchat_Practise" name="snapchat" time="9.687"/>
  <system-out/>
</testsuite> <!-- TestNG_Sequential.Snapchat_Practise -->
