<?xml version="1.0" encoding="UTF-8"?>
<!-- Generated by org.testng.reporters.JUnitReportReporter -->
<testsuite hostname="DESKTOP-MOITEO3" failures="0" tests="1" name="TestNG_Group.Group2" time="0.014" errors="0" timestamp="2023-09-23T12:14:21 IST" skipped="0">
  <testcase classname="TestNG_Group.Group2" name="java" time="0.014"/>
  <system-out/>
</testsuite> <!-- TestNG_Group.Group2 -->
