<?xml version="1.0" encoding="UTF-8"?>
<!-- Generated by org.testng.reporters.JUnitReportReporter -->
<testsuite hostname="DESKTOP-MOITEO3" failures="0" tests="3" name="TestNG.DataProviders" time="17.314" errors="0" timestamp="2023-09-25T17:06:15 IST" skipped="0">
  <testcase classname="TestNG.DataProviders" name="demo" time="4.849"/>
  <system-out/>
  <testcase classname="TestNG.DataProviders" name="demo" time="7.613"/>
  <system-out/>
  <testcase classname="TestNG.DataProviders" name="demo" time="4.852"/>
  <system-out/>
</testsuite> <!-- TestNG.DataProviders -->
