<?xml version="1.0" encoding="UTF-8"?>
<!-- Generated by org.testng.reporters.JUnitReportReporter -->
<testsuite hostname="DESKTOP-MOITEO3" failures="0" tests="1" name="TestNGFail.Amazon" time="22.029" errors="0" timestamp="2023-09-23T07:50:55 IST" skipped="0">
  <testcase classname="TestNGFail.Amazon" name="ama" time="22.029"/>
  <system-out/>
</testsuite> <!-- TestNGFail.Amazon -->
