<?xml version="1.0" encoding="UTF-8"?>
<!-- Generated by org.testng.reporters.JUnitReportReporter -->
<testsuite hostname="DESKTOP-MOITEO3" failures="0" tests="2" name="Practise_Assertion.Assertions" time="7.968" errors="0" timestamp="2023-09-25T17:24:22 IST" skipped="0">
  <testcase classname="Practise_Assertion.Assertions" name="closingPurpose" time="0.567"/>
  <system-out/>
  <testcase classname="Practise_Assertion.Assertions" name="Facebook" time="7.401"/>
  <system-out/>
</testsuite> <!-- Practise_Assertion.Assertions -->
