<?xml version="1.0" encoding="UTF-8"?>
<!-- Generated by org.testng.reporters.JUnitReportReporter -->
<testsuite hostname="DESKTOP-MOITEO3" failures="0" tests="1" name="TestNG_Parallel.Facebook" time="10.717" errors="0" timestamp="2023-09-23T07:55:14 IST" skipped="0">
  <testcase classname="TestNG_Parallel.Facebook" name="fb" time="10.717"/>
  <system-out/>
</testsuite> <!-- TestNG_Parallel.Facebook -->
