<?xml version="1.0" encoding="UTF-8"?>
<!-- Generated by org.testng.reporters.JUnitReportReporter -->
<testsuite hostname="DESKTOP-MOITEO3" failures="0" tests="2" name="TestNG_Annotation.Facebook_Amazon" time="20.045" errors="0" timestamp="2023-09-25T17:07:41 IST" skipped="0">
  <testcase classname="TestNG_Annotation.Facebook_Amazon" name="facebook" time="12.586"/>
  <system-out/>
  <testcase classname="TestNG_Annotation.Facebook_Amazon" name="amazon" time="7.459"/>
  <system-out/>
</testsuite> <!-- TestNG_Annotation.Facebook_Amazon -->
