<?xml version="1.0" encoding="UTF-8"?>
<!-- Generated by org.testng.reporters.JUnitReportReporter -->
<testsuite hostname="DESKTOP-MOITEO3" failures="0" tests="1" name="TestNG_Group.Group1" time="0.002" errors="0" timestamp="2023-09-23T12:14:21 IST" skipped="0">
  <testcase classname="TestNG_Group.Group1" name="Hello" time="0.002"/>
  <system-out/>
</testsuite> <!-- TestNG_Group.Group1 -->
