<?xml version="1.0" encoding="UTF-8"?>
<!-- Generated by org.testng.reporters.JUnitReportReporter -->
<testsuite hostname="DESKTOP-MOITEO3" failures="0" tests="5" name="TestNG.P1" time="0.028" errors="0" timestamp="2023-09-21T09:57:57 IST" skipped="1">
  <testcase classname="TestNG.P1" name="demo2" time="0.016"/>
  <system-out/>
  <testcase classname="TestNG.P1" name="demo1" time="0.004"/>
  <system-out/>
  <testcase classname="TestNG.P1" name="demo" time="0.004"/>
  <system-out/>
  <testcase classname="TestNG.P1" name="demo" time="0.004"/>
  <system-out/>
  <testcase classname="TestNG.P1" name="demo3">
    <skipped/>
  </testcase> <!-- demo3 -->
  <system-out/>
</testsuite> <!-- TestNG.P1 -->
