<?xml version="1.0" encoding="UTF-8"?>
<!-- Generated by org.testng.reporters.JUnitReportReporter -->
<testsuite hostname="DESKTOP-MOITEO3" failures="0" tests="1" name="TestNG_Fail.Amazon" time="11.603" errors="0" timestamp="2023-09-23T11:52:53 IST" skipped="0">
  <testcase classname="TestNG_Fail.Amazon" name="amazon" time="11.603"/>
  <system-out/>
</testsuite> <!-- TestNG_Fail.Amazon -->
